2025-03-31T12:37:58.571Z [info]: Server running on port 5300 in development mode (Hedera Testnet)
2025-03-31T12:38:15.492Z [info]: OTP sent to +254710865696
2025-03-31T12:38:30.712Z [info]: Rider +254710865696 account created: 0.0.5801275
2025-03-31T12:38:33.411Z [info]: Token 0.0.5801252 associated with 0.0.5801275
2025-03-31T13:16:30.353Z [info]: Server running on port 5300 in development mode (Hedera Testnet)
2025-03-31T13:32:06.691Z [info]: Server running on port 5300 in development mode (Hedera Testnet)
2025-03-31T13:32:31.323Z [info]: Server running on port 5300 in development mode (Hedera Testnet)
2025-03-31T13:32:58.031Z [info]: Server running on port 5300 in development mode (Hedera Testnet)
2025-03-31T13:33:09.043Z [info]: OTP sent to +254710865696
2025-03-31T13:33:47.396Z [info]: Wallet created for +254710865696: 0.0.5801654
2025-03-31T13:33:50.100Z [info]: Token 0.0.5801252 associated with 0.0.5801654
2025-03-31T14:00:54.660Z [info]: Server running on port 5300 in development mode (Hedera Testnet)
2025-03-31T14:02:06.698Z [info]: Server running on port 5300 in development mode (Hedera Testnet)
2025-03-31T14:02:12.054Z [info]: Server running on port 5300 in development mode (Hedera Testnet)
2025-03-31T14:02:16.033Z [info]: Server running on port 5300 in development mode (Hedera Testnet)
2025-03-31T14:03:26.765Z [info]: Server running on port 5300 in development mode (Hedera Testnet)
2025-03-31T14:03:28.820Z [info]: Server running on port 5300 in development mode (Hedera Testnet)
2025-03-31T14:03:33.128Z [info]: OTP sent to +254710865696
2025-03-31T14:03:45.047Z [info]: OTP verified for +254710865696
2025-03-31T14:06:38.420Z [info]: Wallet created for +254710865696: 0.0.5801911
2025-03-31T14:06:38.426Z [error]: Complete registration failed for +254710865696: Cannot read properties of undefined (reading 'publicKey')
2025-03-31T14:11:07.600Z [info]: Server running on port 5300 in development mode (Hedera Testnet)
2025-03-31T14:11:18.334Z [info]: OTP sent to +254710865696
2025-03-31T14:11:33.579Z [info]: OTP verified for +254710865696
2025-03-31T14:11:41.998Z [info]: Wallet created for +254710865696: 0.0.5801930
2025-03-31T14:11:43.928Z [info]: Token 0.0.5801252 associated with 0.0.5801930
2025-03-31T14:11:44.409Z [info]: Registration completed for +254710865696: 0.0.5801930
2025-03-31T14:33:38.934Z [info]: Server running on port 5300 in development mode (Hedera Testnet)
2025-03-31T14:33:47.245Z [info]: OTP sent to +254710865696
2025-03-31T14:34:17.323Z [info]: OTP verified for +254710865696
2025-03-31T14:34:42.249Z [info]: Wallet created for +254710865696: 0.0.5801987
2025-03-31T14:34:45.036Z [info]: Token 0.0.5801252 associated with 0.0.5801987
2025-03-31T14:34:45.874Z [info]: Registration completed for +254710865696: 0.0.5801987
2025-03-31T14:44:37.607Z [info]: Server running on port 5300 in development mode (Hedera Testnet)
2025-03-31T14:45:42.789Z [info]: Server running on port 5300 in development mode (Hedera Testnet)
2025-03-31T14:45:52.617Z [info]: Server running on port 5300 in development mode (Hedera Testnet)
2025-03-31T14:46:22.825Z [info]: Server running on port 5300 in development mode (Hedera Testnet)
2025-03-31T14:47:54.848Z [info]: Server running on port 5300 in development mode (Hedera Testnet)
2025-03-31T14:48:04.433Z [info]: Server running on port 5300 in development mode (Hedera Testnet)
2025-03-31T14:48:11.200Z [info]: Server running on port 5300 in development mode (Hedera Testnet)
2025-03-31T14:48:53.966Z [error]: Registration failed for +254710865696: Cannot read properties of undefined (reading 'collection')
2025-03-31T14:54:59.580Z [info]: Server running on port 5300 in development mode (Hedera Testnet)
2025-03-31T14:55:33.431Z [info]: Server running on port 5300 in development mode (Hedera Testnet)
2025-03-31T14:55:50.401Z [info]: Server running on port 5300 in development mode (Hedera Testnet)
2025-03-31T14:56:37.472Z [info]: Server running on port 5300 in development mode (Hedera Testnet)
2025-03-31T14:57:21.066Z [info]: Server running on port 5300 in development mode (Hedera Testnet)
2025-03-31T14:58:05.115Z [info]: Connected to MongoDB Atlas
2025-03-31T14:58:05.121Z [info]: Server running on port 5300 in development mode (Hedera Testnet)
2025-03-31T14:58:46.252Z [info]: OTP sent to +254710865696
2025-03-31T14:59:12.772Z [info]: OTP verified for +254710865696
2025-03-31T14:59:29.767Z [info]: Wallet created for +254710865696: 0.0.5802092
2025-03-31T14:59:32.328Z [info]: Token 0.0.5801252 associated with 0.0.5802092
2025-03-31T14:59:33.473Z [info]: Registration completed for +254710865696: 0.0.5802092
2025-03-31T15:02:43.464Z [info]: Connected to MongoDB Atlas
2025-03-31T15:02:43.572Z [info]: Server running on port 5300 in development mode (Hedera Testnet)
2025-03-31T15:58:45.108Z [info]: OTP sent to +254799489045
2025-03-31T16:00:49.797Z [info]: OTP sent to +254799559285
2025-03-31T16:11:40.853Z [info]: Connected to MongoDB Atlas
2025-03-31T16:11:40.891Z [info]: Server running on port 5300 in development mode (Hedera Testnet)
2025-03-31T16:14:48.090Z [info]: OTP sent to +254710865696
2025-03-31T16:15:15.875Z [info]: OTP verified for +254710865696
2025-03-31T16:15:26.890Z [info]: Wallet created for +254710865696: 0.0.5802508
2025-03-31T16:15:29.763Z [info]: Token 0.0.5801252 associated with 0.0.5802508
2025-03-31T16:15:31.006Z [info]: Registration completed for +254710865696: 0.0.5802508
2025-03-31T16:19:39.631Z [info]: OTP sent to +254710865696
2025-03-31T16:29:44.405Z [info]: OTP sent to +254710865696
2025-03-31T16:29:57.112Z [info]: OTP verified for +254710865696
2025-03-31T16:30:13.339Z [info]: Wallet created for +254710865696: 0.0.5802617
2025-03-31T16:30:16.158Z [info]: Token 0.0.5801252 associated with 0.0.5802617
2025-03-31T16:30:17.379Z [info]: Registration completed for +254710865696: 0.0.5802617
2025-03-31T17:14:35.088Z [info]: OTP sent to +254710865696
2025-03-31T17:14:47.871Z [info]: OTP verified for +254710865696
2025-03-31T17:14:57.679Z [info]: Wallet created for +254710865696: 0.0.5802867
2025-03-31T17:15:00.428Z [info]: Token 0.0.5801252 associated with 0.0.5802867
2025-03-31T17:15:00.999Z [info]: Registration completed for +254710865696: 0.0.5802867
2025-03-31T17:32:47.379Z [info]: Connected to MongoDB Atlas
2025-03-31T17:32:47.409Z [info]: Server running on port 5300 in development mode (Hedera Testnet)
2025-03-31T17:33:17.532Z [info]: OTP sent to +254710865696
2025-03-31T17:33:25.340Z [info]: OTP verified for +254710865696
2025-03-31T17:33:35.470Z [info]: Wallet created for +254710865696: 0.0.5802960
2025-03-31T17:33:38.255Z [info]: Token 0.0.5801252 associated with 0.0.5802960
2025-03-31T17:33:40.979Z [error]: Failed to issue test tokens to 0.0.5802960: receipt for transaction 0.0.5792332@1743442415.083404786 contained error status INSUFFICIENT_TOKEN_BALANCE
2025-03-31T17:33:40.979Z [error]: Complete registration failed for +254710865696: receipt for transaction 0.0.5792332@1743442415.083404786 contained error status INSUFFICIENT_TOKEN_BALANCE
2025-03-31T17:35:34.951Z [info]: Connected to MongoDB Atlas
2025-03-31T17:35:34.983Z [info]: Server running on port 5300 in development mode (Hedera Testnet)
2025-03-31T17:36:11.976Z [info]: OTP sent to +254710865696
2025-03-31T17:36:19.389Z [info]: OTP verified for +254710865696
2025-03-31T17:36:32.247Z [info]: Wallet created for +254710865696: 0.0.5802990
2025-03-31T17:36:35.010Z [info]: Token 0.0.5801252 associated with 0.0.5802990
2025-03-31T17:36:37.279Z [error]: Failed to issue test tokens to 0.0.5802990: receipt for transaction 0.0.5792332@1743442590.241731445 contained error status INSUFFICIENT_TOKEN_BALANCE
2025-03-31T17:36:37.280Z [error]: Complete registration failed for +254710865696: receipt for transaction 0.0.5792332@1743442590.241731445 contained error status INSUFFICIENT_TOKEN_BALANCE
2025-03-31T17:40:53.326Z [info]: Connected to MongoDB Atlas
2025-03-31T17:40:53.360Z [info]: Server running on port 5300 in development mode (Hedera Testnet)
2025-03-31T17:41:34.560Z [info]: OTP sent to +254710865696
2025-03-31T17:41:43.039Z [info]: OTP verified for +254710865696
2025-03-31T17:41:55.655Z [info]: Wallet created for +254710865696: 0.0.5803024
2025-03-31T17:41:58.005Z [info]: Token 0.0.5803016 associated with 0.0.5803024
2025-03-31T17:42:00.336Z [error]: Failed to issue test tokens to 0.0.5803024: receipt for transaction 0.0.5792332@1743442914.729127965 contained error status INSUFFICIENT_TOKEN_BALANCE
2025-03-31T17:42:00.337Z [error]: Complete registration failed for +254710865696: receipt for transaction 0.0.5792332@1743442914.729127965 contained error status INSUFFICIENT_TOKEN_BALANCE
2025-03-31T17:45:05.005Z [info]: Connected to MongoDB Atlas
2025-03-31T17:45:05.037Z [info]: Server running on port 5300 in development mode (Hedera Testnet)
2025-03-31T17:45:32.529Z [info]: Connected to MongoDB Atlas
2025-03-31T17:45:32.543Z [info]: Server running on port 5300 in development mode (Hedera Testnet)
2025-03-31T17:46:07.944Z [info]: Connected to MongoDB Atlas
2025-03-31T17:46:07.950Z [info]: Server running on port 5300 in development mode (Hedera Testnet)
2025-03-31T17:46:33.179Z [info]: Connected to MongoDB Atlas
2025-03-31T17:46:33.189Z [info]: Server running on port 5300 in development mode (Hedera Testnet)
2025-03-31T17:47:06.935Z [info]: OTP sent to +254710865696
2025-03-31T17:47:13.680Z [info]: OTP verified for +254710865696
2025-03-31T17:47:25.448Z [info]: Wallet created for +254710865696: 0.0.5803046
2025-03-31T17:47:27.909Z [info]: Token 0.0.5803016 associated with 0.0.5803046
2025-03-31T17:47:27.910Z [error]: Failed to issue test tokens to 0.0.5803046: AccountBalanceQuery is not defined
2025-03-31T17:47:27.910Z [warn]: Skipping test token issuance due to error: AccountBalanceQuery is not defined
2025-03-31T17:47:28.475Z [info]: Registration completed for +254710865696: 0.0.5803046
2025-03-31T17:54:28.796Z [info]: Connected to MongoDB Atlas
2025-03-31T17:54:28.825Z [info]: Server running on port 5300 in development mode (Hedera Testnet)
2025-03-31T17:55:14.000Z [info]: OTP sent to +254710865696
2025-03-31T17:55:21.695Z [info]: OTP verified for +254710865696
2025-03-31T17:55:30.769Z [info]: Wallet created for +254710865696: 0.0.5803087
2025-03-31T17:55:32.839Z [info]: Token 0.0.5803016 associated with 0.0.5803087
2025-03-31T17:55:33.546Z [error]: Failed to issue test tokens to 0.0.5803087: Operator account 0.0.5792332 has insufficient HPT balance: 0
2025-03-31T17:55:33.547Z [warn]: Skipping test token issuance due to error: Operator account 0.0.5792332 has insufficient HPT balance: 0
2025-03-31T17:55:34.122Z [info]: Registration completed for +254710865696: 0.0.5803087
2025-03-31T18:01:31.561Z [info]: Connected to MongoDB Atlas
2025-03-31T18:01:31.597Z [info]: Server running on port 5300 in development mode (Hedera Testnet)
2025-03-31T18:03:31.112Z [info]: OTP sent to +254710865696
2025-03-31T18:03:38.932Z [info]: OTP verified for +254710865696
2025-03-31T18:03:48.160Z [info]: Wallet created for +254710865696: 0.0.5803121
2025-03-31T18:03:51.892Z [info]: Token 0.0.5803016 associated with 0.0.5803121
2025-03-31T18:03:52.649Z [error]: Failed to issue test tokens to 0.0.5803121: Operator account 0.0.5792332 has insufficient HPT balance: 0
2025-03-31T18:03:52.650Z [warn]: Skipping test token issuance due to error: Operator account 0.0.5792332 has insufficient HPT balance: 0
2025-03-31T18:03:53.293Z [info]: Registration completed for +254710865696: 0.0.5803121
2025-03-31T18:18:28.023Z [info]: Connected to MongoDB Atlas
2025-03-31T18:18:28.046Z [info]: Server running on port 5300 in development mode (Hedera Testnet)
2025-03-31T18:25:36.752Z [info]: Connected to MongoDB Atlas
2025-03-31T18:25:36.783Z [info]: Server running on port 5300 in development mode (Hedera Testnet)
2025-03-31T18:28:36.891Z [info]: Connected to MongoDB Atlas
2025-03-31T18:28:37.074Z [info]: Server running on port 5300 in development mode (Hedera Testnet)
2025-03-31T18:28:43.907Z [info]: Connected to MongoDB Atlas
2025-03-31T18:28:43.913Z [info]: Server running on port 5300 in development mode (Hedera Testnet)
2025-03-31T18:36:31.199Z [error]: Premium payment initiation failed for +254710865696: Request failed with status code 404
2025-03-31T18:36:40.201Z [error]: Payout failed for +254710865696: `address` type requires parameter to be 40 or 42 characters
2025-03-31T18:41:10.247Z [info]: Connected to MongoDB Atlas
2025-03-31T18:41:10.275Z [info]: Server running on port 5300 in development mode (Hedera Testnet)
2025-03-31T18:42:24.352Z [info]: Connected to MongoDB Atlas
2025-03-31T18:42:24.363Z [info]: Server running on port 5300 in development mode (Hedera Testnet)
2025-03-31T18:42:46.425Z [info]: Connected to MongoDB Atlas
2025-03-31T18:42:46.434Z [info]: Server running on port 5300 in development mode (Hedera Testnet)
2025-03-31T18:47:02.788Z [error]: Premium payment initiation failed for +254710865696: Request failed with status code 404
2025-03-31T18:59:49.962Z [info]: Connected to MongoDB Atlas
2025-03-31T18:59:49.993Z [info]: Server running on port 5300 in development mode (Hedera Testnet)
2025-03-31T19:00:07.433Z [info]: Connected to MongoDB Atlas
2025-03-31T19:00:07.441Z [info]: Server running on port 5300 in development mode (Hedera Testnet)
2025-03-31T19:08:11.150Z [info]: Connected to MongoDB Atlas
2025-03-31T19:08:11.174Z [info]: Server running on port 5300 in development mode (Hedera Testnet)
2025-03-31T19:09:54.411Z [info]: Connected to MongoDB Atlas
2025-03-31T19:09:54.523Z [info]: Server running on port 5300 in development mode (Hedera Testnet)
2025-03-31T19:10:17.107Z [info]: Connected to MongoDB Atlas
2025-03-31T19:10:17.124Z [info]: Server running on port 5300 in development mode (Hedera Testnet)
2025-03-31T19:19:33.591Z [info]: Connected to MongoDB Atlas
2025-03-31T19:19:33.631Z [info]: Server running on port 5300 in development mode (Hedera Testnet)
2025-03-31T19:23:01.781Z [info]: OTP sent to +254710865696
2025-03-31T19:23:10.366Z [info]: OTP verified for +254710865696
2025-03-31T19:23:23.093Z [info]: Wallet created for +254710865696: 0.0.5803372
2025-03-31T19:23:24.656Z [info]: Token 0.0.5803016 associated with 0.0.5803372
2025-03-31T19:23:25.797Z [info]: Registration completed for +254710865696: 0.0.5803372, Rider ID: RIDER-3b7a5163-7d5e-46f1-b2d2-9f1d1908c065
2025-03-31T19:52:09.633Z [info]: Connected to MongoDB Atlas
2025-03-31T19:52:09.693Z [info]: Server running on port 5300 in development mode (Hedera Testnet)
2025-03-31T20:20:44.980Z [error]: Premium payment initiation failed for +254710865696: Request failed with status code 404
2025-03-31T20:26:53.952Z [info]: Connected to MongoDB Atlas
2025-03-31T20:26:53.979Z [info]: Server running on port 5300 in development mode (Hedera Testnet)
2025-03-31T20:34:51.505Z [error]: Premium payment initiation failed for +254710865696: Request failed with status code 404
2025-03-31T20:38:40.033Z [info]: Connected to MongoDB Atlas
2025-03-31T20:38:40.064Z [info]: Server running on port 5300 in development mode (Hedera Testnet)
2025-03-31T20:39:30.106Z [info]: Connected to MongoDB Atlas
2025-03-31T20:39:30.114Z [info]: Server running on port 5300 in development mode (Hedera Testnet)
2025-03-31T20:43:18.490Z [info]: Connected to MongoDB Atlas
2025-03-31T20:43:18.500Z [info]: Server running on port 5300 in development mode (Hedera Testnet)
2025-03-31T20:44:25.587Z [info]: Connected to MongoDB Atlas
2025-03-31T20:44:25.592Z [info]: Server running on port 5300 in development mode (Hedera Testnet)
2025-03-31T20:45:37.605Z [info]: Connected to MongoDB Atlas
2025-03-31T20:45:37.610Z [info]: Server running on port 5300 in development mode (Hedera Testnet)
2025-03-31T20:45:54.051Z [info]: Connected to MongoDB Atlas
2025-03-31T20:45:54.056Z [info]: Server running on port 5300 in development mode (Hedera Testnet)
2025-03-31T20:50:13.503Z [info]: Connected to MongoDB Atlas
2025-03-31T20:50:13.523Z [info]: Server running on port 5300 in development mode (Hedera Testnet)
2025-03-31T21:52:58.850Z [info]: Connected to MongoDB Atlas
2025-03-31T21:52:58.894Z [info]: Server running on port 5300 in development mode (Hedera Testnet)
2025-03-31T22:16:59.191Z [info]: Connected to MongoDB Atlas
2025-03-31T22:16:59.218Z [info]: Server running on port 5300 in development mode (Hedera Testnet)
2025-03-31T22:20:04.077Z [info]: OTP sent to +254710865696
2025-03-31T22:20:12.837Z [info]: OTP verified for +254710865696
2025-03-31T22:22:00.823Z [info]: Connected to MongoDB Atlas
2025-03-31T22:22:00.871Z [info]: Server running on port 5300 in development mode (Hedera Testnet)
2025-03-31T22:22:13.000Z [warn]: Rider not registered: +254710865696
2025-03-31T22:22:28.499Z [info]: OTP sent to +254710865696
2025-03-31T22:22:37.888Z [info]: OTP verified for +254710865696
2025-03-31T22:22:50.066Z [info]: Wallet created for +254710865696: 0.0.5803953
2025-03-31T22:22:52.842Z [info]: Token 0.0.5803016 associated with 0.0.5803953
2025-03-31T22:22:52.843Z [warn]: Skipping test token issuance due to error: issueDefaultTestHbar is not defined
2025-03-31T22:22:53.427Z [info]: Registration completed for +254710865696: 0.0.5803953, Rider ID: RIDER-dfca580f-a7f0-4ecf-9d47-cce25fa4647b
2025-03-31T22:22:54.571Z [error]: Failed to fetch overview for +254710865696: accountInfo.hbars.toFloat is not a function
2025-03-31T22:22:55.319Z [error]: Failed to fetch overview for +254710865696: accountInfo.hbars.toFloat is not a function
2025-03-31T22:26:29.571Z [info]: Connected to MongoDB Atlas
2025-03-31T22:26:29.602Z [info]: Server running on port 5300 in development mode (Hedera Testnet)
2025-03-31T22:26:37.695Z [info]: Connected to MongoDB Atlas
2025-03-31T22:26:37.701Z [info]: Server running on port 5300 in development mode (Hedera Testnet)
2025-03-31T22:26:46.645Z [info]: Connected to MongoDB Atlas
2025-03-31T22:26:46.654Z [info]: Server running on port 5300 in development mode (Hedera Testnet)
2025-03-31T22:27:27.431Z [info]: OTP sent to +254710865696
2025-03-31T22:27:37.539Z [info]: OTP verified for +254710865696
2025-03-31T22:27:46.853Z [info]: Wallet created for +254710865696: 0.0.5803966
2025-03-31T22:27:49.587Z [info]: Token 0.0.5803016 associated with 0.0.5803966
2025-03-31T22:27:50.301Z [error]: Failed to issue test HBAR to 0.0.5803966: accountInfo.hbars.toFloat is not a function
2025-03-31T22:27:50.302Z [warn]: Skipping test token issuance due to error: accountInfo.hbars.toFloat is not a function
2025-03-31T22:27:50.774Z [info]: Registration completed for +254710865696: 0.0.5803966, Rider ID: RIDER-d7a8e175-c4d7-4dc6-9b89-84650c6b5242
2025-03-31T22:27:52.550Z [error]: Failed to fetch overview for +254710865696: accountInfo.hbars.toFloat is not a function
2025-03-31T22:27:53.479Z [error]: Failed to fetch overview for +254710865696: accountInfo.hbars.toFloat is not a function
2025-03-31T22:29:56.296Z [info]: Connected to MongoDB Atlas
2025-03-31T22:29:56.331Z [info]: Server running on port 5300 in development mode (Hedera Testnet)
2025-03-31T22:31:11.773Z [info]: Connected to MongoDB Atlas
2025-03-31T22:31:11.799Z [info]: Server running on port 5300 in development mode (Hedera Testnet)
2025-03-31T22:32:01.508Z [info]: OTP sent to +254710865696
2025-03-31T22:32:11.822Z [info]: OTP verified for +254710865696
2025-03-31T22:32:23.697Z [info]: Wallet created for +254710865696: 0.0.5803975
2025-03-31T22:32:25.966Z [info]: Token 0.0.5803016 associated with 0.0.5803975
2025-03-31T22:32:26.860Z [error]: Failed to issue test HBAR to 0.0.5803975: accountInfo.hbars.toBigNumber(...).toNumber(...) is not a function
2025-03-31T22:32:26.866Z [warn]: Skipping test token issuance due to error: accountInfo.hbars.toBigNumber(...).toNumber(...) is not a function
2025-03-31T22:32:27.841Z [error]: Complete registration failed for +254710865696: Account AC76214dcbf9921d0b5e951d21531fe458 exceeded the null daily messages limit
2025-04-01T00:01:23.629Z [info]: Connected to MongoDB Atlas
2025-04-01T00:01:23.640Z [info]: Server running on port 5300 in development mode (Hedera Testnet)
2025-04-01T00:13:03.384Z [info]: Connected to MongoDB Atlas
2025-04-01T00:13:03.411Z [info]: Server running on port 5300 in development mode (Hedera Testnet)
2025-04-01T00:19:21.175Z [info]: Login OTP sent to +254710865696
2025-04-01T00:19:31.544Z [info]: OTP verified for +254710865696
2025-04-01T00:19:36.058Z [error]: Failed to fetch overview for +254710865696: accountInfo.hbars.toBigNumber(...).toNumber(...) is not a function
2025-04-01T00:19:37.028Z [error]: Failed to fetch overview for +254710865696: accountInfo.hbars.toBigNumber(...).toNumber(...) is not a function
2025-04-01T00:23:38.154Z [info]: Connected to MongoDB Atlas
2025-04-01T00:23:38.236Z [info]: Server running on port 5300 in development mode (Hedera Testnet)
2025-04-01T00:23:47.081Z [info]: Login OTP sent to +254710865696
2025-04-01T00:23:55.901Z [info]: OTP verified for +254710865696
2025-04-01T00:23:57.632Z [error]: Failed to fetch overview for +254710865696: accountInfo.hbars.toBigNumber(...).toNumber(...) is not a function
2025-04-01T00:23:57.958Z [error]: Failed to fetch overview for +254710865696: accountInfo.hbars.toBigNumber(...).toNumber(...) is not a function
2025-04-01T00:25:24.036Z [info]: Connected to MongoDB Atlas
2025-04-01T00:25:24.045Z [info]: Server running on port 5300 in development mode (Hedera Testnet)
2025-04-01T00:25:40.012Z [info]: Connected to MongoDB Atlas
2025-04-01T00:25:40.032Z [info]: Server running on port 5300 in development mode (Hedera Testnet)
2025-04-01T00:25:57.832Z [info]: Connected to MongoDB Atlas
2025-04-01T00:25:57.842Z [info]: Server running on port 5300 in development mode (Hedera Testnet)
2025-04-01T00:26:37.393Z [info]: Connected to MongoDB Atlas
2025-04-01T00:26:37.405Z [info]: Server running on port 5300 in development mode (Hedera Testnet)
2025-04-01T00:26:42.495Z [info]: Connected to MongoDB Atlas
2025-04-01T00:26:42.500Z [info]: Server running on port 5300 in development mode (Hedera Testnet)
2025-04-01T00:26:49.263Z [info]: Connected to MongoDB Atlas
2025-04-01T00:26:49.269Z [info]: Server running on port 5300 in development mode (Hedera Testnet)
2025-04-01T00:26:53.893Z [info]: Connected to MongoDB Atlas
2025-04-01T00:26:53.902Z [info]: Server running on port 5300 in development mode (Hedera Testnet)
2025-04-01T00:27:03.859Z [info]: Connected to MongoDB Atlas
2025-04-01T00:27:03.866Z [info]: Server running on port 5300 in development mode (Hedera Testnet)
2025-04-01T00:27:10.366Z [info]: Login OTP sent to +254710865696
2025-04-01T00:27:19.401Z [info]: OTP verified for +254710865696
2025-04-01T00:35:03.618Z [info]: Login OTP sent to +254710865696
2025-04-01T00:35:10.263Z [info]: OTP verified for +254710865696
2025-04-01T00:49:45.891Z [info]: Fetched 0 policies for +254710865696 (Page 1, Limit 5)
2025-04-01T00:49:45.904Z [info]: Fetched 0 policies for +254710865696 (Page 1, Limit 5)
2025-04-01T00:58:49.487Z [info]: Connected to MongoDB Atlas
2025-04-01T00:58:49.523Z [info]: Server running on port 5300 in development mode (Hedera Testnet)
2025-04-01T00:59:20.578Z [info]: OTP sent to +254710865696
2025-04-01T00:59:28.599Z [info]: OTP verified for +254710865696
2025-04-01T00:59:37.945Z [error]: Wallet creation failed for +254710865696: transaction 0.0.5792332@1743469170.588124974 failed precheck with status INVALID_SIGNATURE against node account id 0.0.8
2025-04-01T00:59:37.948Z [error]: Complete registration failed for +254710865696: transaction 0.0.5792332@1743469170.588124974 failed precheck with status INVALID_SIGNATURE against node account id 0.0.8
2025-04-01T01:01:26.193Z [info]: OTP sent to +254710865696
2025-04-01T01:01:37.528Z [info]: OTP verified for +254710865696
2025-04-01T01:01:40.064Z [error]: Wallet creation failed for +254710865696: transaction 0.0.5792332@1743469291.617348585 failed precheck with status INVALID_SIGNATURE against node account id 0.0.9
2025-04-01T01:01:40.065Z [error]: Complete registration failed for +254710865696: transaction 0.0.5792332@1743469291.617348585 failed precheck with status INVALID_SIGNATURE against node account id 0.0.9
2025-04-01T01:04:20.814Z [info]: Connected to MongoDB Atlas
2025-04-01T01:04:20.824Z [info]: Server running on port 5300 in development mode (Hedera Testnet)
2025-04-01T01:04:32.892Z [info]: OTP sent to +254710865696
2025-04-01T01:04:46.639Z [info]: OTP verified for +254710865696
2025-04-01T01:04:58.764Z [info]: Wallet created for +254710865696: 0.0.5804232
2025-04-01T01:05:01.008Z [info]: Token 0.0.5803016 associated with 0.0.5804232
2025-04-01T01:05:01.933Z [info]: Registration completed for +254710865696: 0.0.5804232, Rider ID: RIDER-fa24e44b-7028-4ab4-9242-0bac9cc339b4
2025-04-01T01:10:33.855Z [info]: Connected to MongoDB Atlas
2025-04-01T01:10:33.939Z [info]: Server running on port 5300 in development mode (Hedera Testnet)
2025-04-01T01:44:45.014Z [info]: Fetched 0 policies for +254710865696 (Page 1, Limit 5)
2025-04-01T01:45:09.722Z [error]: No pending payment found for CheckoutRequestID: undefined
2025-04-01T01:45:48.960Z [error]: No pending payment found for CheckoutRequestID: undefined
2025-04-01T01:48:41.742Z [info]: Connected to MongoDB Atlas
2025-04-01T01:48:41.770Z [info]: Server running on port 5300 in development mode (Hedera Testnet)
2025-04-01T01:49:30.986Z [info]: Connected to MongoDB Atlas
2025-04-01T01:49:31.002Z [info]: Server running on port 5300 in development mode (Hedera Testnet)
2025-04-01T01:49:37.332Z [info]: Connected to MongoDB Atlas
2025-04-01T01:49:37.347Z [info]: Server running on port 5300 in development mode (Hedera Testnet)
2025-04-01T01:50:05.312Z [info]: Connected to MongoDB Atlas
2025-04-01T01:50:05.319Z [info]: Server running on port 5300 in development mode (Hedera Testnet)
2025-04-01T02:35:50.605Z [info]: Connected to MongoDB Atlas
2025-04-01T02:35:50.635Z [info]: Server running on port 5300 in development mode (Hedera Testnet)
2025-04-01T02:45:03.843Z [info]: Connected to MongoDB Atlas
2025-04-01T02:45:03.879Z [info]: Server running on port 5300 in development mode (Hedera Testnet)
2025-04-01T02:45:30.308Z [info]: Connected to MongoDB Atlas
2025-04-01T02:45:30.350Z [info]: Server running on port 5300 in development mode (Hedera Testnet)
2025-04-01T02:47:47.444Z [info]: Converted KSh 20 to 0.9428287502427785 HBAR
2025-04-01T02:47:48.530Z [error]: HBAR payment failed for +254710865696: Insufficient HBAR balance
2025-04-01T02:47:48.530Z [error]: Payment initiation failed: Insufficient HBAR balance
2025-04-01T02:50:44.166Z [info]: Connected to MongoDB Atlas
2025-04-01T02:50:44.194Z [info]: Server running on port 5300 in development mode (Hedera Testnet)
2025-04-01T02:52:40.979Z [info]: Connected to MongoDB Atlas
2025-04-01T02:52:41.007Z [info]: Server running on port 5300 in development mode (Hedera Testnet)
2025-04-01T02:53:01.578Z [info]: Connected to MongoDB Atlas
2025-04-01T02:53:01.588Z [info]: Server running on port 5300 in development mode (Hedera Testnet)
2025-04-01T02:53:18.340Z [info]: Converted KSh 20 to 0.9408548089323816 HBAR
2025-04-01T02:53:19.085Z [info]: Payment attempt for +254710865696: Balance=5.7e-7 HBAR, Required=0.9408548089323816 HBAR, Fees=0.1 HBAR
2025-04-01T02:53:19.086Z [error]: HBAR payment failed for +254710865696: Insufficient HBAR balance: Available=5.7e-7, Needed=1.0408548089323817
2025-04-01T02:53:19.088Z [error]: Payment initiation failed: Insufficient HBAR balance: Available=5.7e-7, Needed=1.0408548089323817
2025-04-01T02:54:12.037Z [info]: Converted KSh 100 to 4.70813117795088 HBAR
2025-04-01T02:54:12.963Z [info]: Payment attempt for +254710865696: Balance=0.00000107 HBAR, Required=4.70813117795088 HBAR, Fees=0.1 HBAR
2025-04-01T02:54:12.963Z [error]: HBAR payment failed for +254710865696: Insufficient HBAR balance: Available=0.00000107, Needed=4.808131177950879
2025-04-01T02:54:12.964Z [error]: Payment initiation failed: Insufficient HBAR balance: Available=0.00000107, Needed=4.808131177950879
2025-04-01T02:59:06.269Z [info]: Converted KSh 20 to 0.9416548312425065 HBAR
2025-04-01T02:59:07.214Z [info]: Payment attempt for +254710865696: Balance=0.00000107 HBAR, Required=0.9416548312425065 HBAR, Fees=0.1 HBAR
2025-04-01T02:59:07.214Z [error]: HBAR payment failed for +254710865696: Insufficient HBAR balance: Available=0.00000107, Needed=1.0416548312425065
2025-04-01T02:59:07.221Z [error]: Payment initiation failed: Insufficient HBAR balance: Available=0.00000107, Needed=1.0416548312425065
2025-04-01T03:01:50.103Z [info]: Connected to MongoDB Atlas
2025-04-01T03:01:50.132Z [info]: Server running on port 5300 in development mode (Hedera Testnet)
2025-04-01T03:02:01.227Z [info]: Connected to MongoDB Atlas
2025-04-01T03:02:01.232Z [info]: Server running on port 5300 in development mode (Hedera Testnet)
2025-04-01T03:02:24.036Z [info]: Wallet balance for +254710865696: 10700000000 tinybars, 107 HBAR, 0 HPT
2025-04-01T03:02:25.334Z [info]: Converted KSh 20 to 0.9413689528517712 HBAR
2025-04-01T03:02:26.217Z [info]: Payment attempt for +254710865696: Balance=0.00000107 HBAR, Required=0.9413689528517712 HBAR, Fees=0.1 HBAR
2025-04-01T03:02:26.218Z [error]: HBAR payment failed for +254710865696: Insufficient HBAR balance: Available=0.00000107, Needed=1.0413689528517713
2025-04-01T03:02:26.218Z [error]: Payment initiation failed: Insufficient HBAR balance: Available=0.00000107, Needed=1.0413689528517713
2025-04-01T03:06:11.999Z [info]: Connected to MongoDB Atlas
2025-04-01T03:06:12.006Z [info]: Server running on port 5300 in development mode (Hedera Testnet)
2025-04-01T03:10:05.311Z [info]: Payment attempt for +254710865696: Balance=0.00000107 HBAR, Required=1.55 HBAR, Fees=0.1 HBAR
2025-04-01T03:10:05.317Z [error]: HBAR payment failed for +254710865696: Insufficient HBAR balance: Available=0.00000107, Needed=1.6500000000000001
2025-04-01T03:10:05.333Z [error]: Payment initiation failed: Insufficient HBAR balance: Available=0.00000107, Needed=1.6500000000000001
2025-04-01T03:11:03.371Z [info]: Connected to MongoDB Atlas
2025-04-01T03:11:03.393Z [info]: Server running on port 5300 in development mode (Hedera Testnet)
2025-04-01T03:11:08.459Z [info]: Payment attempt for +254710865696: Balance=107 HBAR, Required=1.55 HBAR, Fees=0.1 HBAR
2025-04-01T03:11:10.896Z [error]: HBAR payment failed for +254710865696: receipt for transaction 0.0.5803356@1743477063.933816872 contained error status INVALID_SIGNATURE
2025-04-01T03:11:10.896Z [error]: Payment initiation failed: receipt for transaction 0.0.5803356@1743477063.933816872 contained error status INVALID_SIGNATURE
2025-04-01T03:13:42.571Z [info]: Connected to MongoDB Atlas
2025-04-01T03:13:42.577Z [info]: Server running on port 5300 in development mode (Hedera Testnet)
2025-04-01T03:14:00.851Z [info]: Wallet balance for +254710865696: 10700000000 tinybars, 107 HBAR, 0 HPT
2025-04-01T03:14:01.209Z [info]: Wallet balance for +254710865696: 10700000000 tinybars, 107 HBAR, 0 HPT
2025-04-01T03:14:22.173Z [error]: Payment initiation failed: Request failed with status code 404
2025-04-01T03:14:28.345Z [info]: Payment attempt for +254710865696: Balance=107 HBAR, Required=7.75 HBAR, Fees=0.1 HBAR
2025-04-01T03:14:33.726Z [info]: HBAR payment processed for +254710865696: 7.75 HBAR for Weekly plan
2025-04-01T03:14:34.753Z [info]: Wallet balance for +254710865696: 9925000000 tinybars, 99.25 HBAR, 0 HPT
2025-04-01T03:15:56.351Z [error]: Payout failed for +254710865696: `address` type requires parameter to be 40 or 42 characters
2025-04-01T03:16:01.603Z [info]: Wallet balance for +254710865696: 9925000000 tinybars, 99.25 HBAR, 0 HPT
2025-04-01T03:16:01.739Z [info]: Wallet balance for +254710865696: 9925000000 tinybars, 99.25 HBAR, 0 HPT
2025-04-01T03:16:15.745Z [info]: Payment attempt for +254710865696: Balance=99.25 HBAR, Required=1.55 HBAR, Fees=0.1 HBAR
2025-04-01T03:16:19.536Z [error]: HBAR payment failed for +254710865696: Account AC76214dcbf9921d0b5e951d21531fe458 exceeded the null daily messages limit
2025-04-01T03:16:19.543Z [error]: Payment initiation failed: Account AC76214dcbf9921d0b5e951d21531fe458 exceeded the null daily messages limit
2025-04-01T03:16:46.253Z [error]: Payout failed for +254710865696: `address` type requires parameter to be 40 or 42 characters
2025-04-01T03:18:14.351Z [info]: Connected to MongoDB Atlas
2025-04-01T03:18:14.356Z [info]: Server running on port 5300 in development mode (Hedera Testnet)
2025-04-01T03:18:43.177Z [info]: Payment attempt for +254710865696: Balance=97.7 HBAR, Required=1.55 HBAR, Fees=0.1 HBAR
2025-04-01T03:18:46.676Z [info]: HBAR payment processed for +254710865696: 1.55 HBAR for Daily plan
2025-04-01T03:18:48.271Z [info]: Wallet balance for +254710865696: 9615000000 tinybars, 96.15 HBAR, 0 HPT
